--- Startup times for process: Primary (or UI client) ---

times in msec
 clock   self+sourced   self:  sourced script
 clock   elapsed:              other lines

000.000  000.000: --- NVIM STARTING ---
000.067  000.066: event init
000.181  000.114: early init
000.418  000.237: locale set
000.444  000.026: init first window
000.758  000.314: inits 1
000.771  000.013: window checked
000.774  000.003: parsing arguments
001.095  000.026  000.026: require('vim.shared')
001.150  000.022  000.022: require('vim.inspect')
001.183  000.029  000.029: require('vim._options')
001.185  000.087  000.036: require('vim._editor')
001.186  000.136  000.023: require('vim._init_packages')
001.187  000.277: init lua interpreter
003.052  001.865: expanding arguments
003.067  000.015: inits 2
003.263  000.196: init highlight
003.281  000.018: clear screen
003.396  000.010  000.010: require('vim.keymap')
004.090  000.113  000.113: sourcing nvim_exec2()
004.215  000.930  000.807: require('vim._defaults')
004.217  000.005: init default mappings & autocommands
004.685  000.042  000.042: sourcing /opt/homebrew/Cellar/neovim/0.11.4/share/nvim/runtime/ftplugin.vim
004.761  000.020  000.020: sourcing /opt/homebrew/Cellar/neovim/0.11.4/share/nvim/runtime/indent.vim
005.055  000.075  000.075: require('vim.fs')
005.316  000.259  000.259: require('vim.uri')
005.329  000.372  000.038: require('vim.loader')
005.561  000.217  000.217: require('lazy-bootstrap')
005.850  000.288  000.288: require('options')
006.697  000.718  000.718: require('lazy')
006.722  000.011  000.011: require('ffi')
006.866  000.141  000.141: require('lazy.stats')
007.003  000.105  000.105: require('lazy.core.util')
007.137  000.133  000.133: require('lazy.core.config')
007.388  000.108  000.108: require('lazy.core.handler')
007.807  000.124  000.124: require('lazy.pkg')
007.809  000.259  000.135: require('lazy.core.meta')
007.813  000.424  000.165: require('lazy.core.plugin')
007.819  000.681  000.149: require('lazy.core.loader')
008.936  000.087  000.087: require('lazy.async')
009.162  000.108  000.108: require('lazy.manage.process')
009.277  000.114  000.114: require('lazy.terminal')
009.280  000.343  000.120: require('lazy.manage.task')
009.282  000.508  000.078: require('lazy.manage.runner')
009.284  000.676  000.168: require('lazy.manage')
009.286  000.853  000.176: require('lazy.view.commands')
009.395  000.073  000.073: require('lazy.core.fragments')
012.371  000.184  000.184: require('lazy.core.handler.event')
012.532  000.156  000.156: require('lazy.core.handler.cmd')
012.627  000.091  000.091: require('lazy.core.handler.ft')
012.730  000.101  000.101: require('lazy.core.handler.keys')
012.991  000.006  000.006: sourcing nvim_exec2() called at /Users/omar/src/github.com/jedi-knights/yoda.nvim/init.lua:0
013.027  000.002  000.002: sourcing nvim_exec2() called at /Users/omar/src/github.com/jedi-knights/yoda.nvim/init.lua:0
013.058  000.001  000.001: sourcing nvim_exec2() called at /Users/omar/src/github.com/jedi-knights/yoda.nvim/init.lua:0
013.131  000.001  000.001: sourcing nvim_exec2() called at /Users/omar/src/github.com/jedi-knights/yoda.nvim/init.lua:0
013.803  000.002  000.002: sourcing nvim_exec2() called at /Users/omar/src/github.com/jedi-knights/yoda.nvim/init.lua:0
013.813  000.001  000.001: sourcing nvim_exec2() called at /Users/omar/src/github.com/jedi-knights/yoda.nvim/init.lua:0
014.047  000.001  000.001: sourcing nvim_exec2() called at /Users/omar/src/github.com/jedi-knights/yoda.nvim/init.lua:0
014.058  000.001  000.001: sourcing nvim_exec2() called at /Users/omar/src/github.com/jedi-knights/yoda.nvim/init.lua:0
014.538  000.001  000.001: sourcing nvim_exec2() called at /Users/omar/src/github.com/jedi-knights/yoda.nvim/init.lua:0
014.545  000.001  000.001: sourcing nvim_exec2() called at /Users/omar/src/github.com/jedi-knights/yoda.nvim/init.lua:0
014.752  000.001  000.001: sourcing nvim_exec2() called at /Users/omar/src/github.com/jedi-knights/yoda.nvim/init.lua:0
014.760  000.001  000.001: sourcing nvim_exec2() called at /Users/omar/src/github.com/jedi-knights/yoda.nvim/init.lua:0
014.767  000.001  000.001: sourcing nvim_exec2() called at /Users/omar/src/github.com/jedi-knights/yoda.nvim/init.lua:0
014.772  000.001  000.001: sourcing nvim_exec2() called at /Users/omar/src/github.com/jedi-knights/yoda.nvim/init.lua:0
014.920  000.001  000.001: sourcing nvim_exec2() called at /Users/omar/src/github.com/jedi-knights/yoda.nvim/init.lua:0
014.925  000.001  000.001: sourcing nvim_exec2() called at /Users/omar/src/github.com/jedi-knights/yoda.nvim/init.lua:0
015.093  000.001  000.001: sourcing nvim_exec2() called at /Users/omar/src/github.com/jedi-knights/yoda.nvim/init.lua:0
015.098  000.001  000.001: sourcing nvim_exec2() called at /Users/omar/src/github.com/jedi-knights/yoda.nvim/init.lua:0
015.136  000.001  000.001: sourcing nvim_exec2() called at /Users/omar/src/github.com/jedi-knights/yoda.nvim/init.lua:0
015.141  000.001  000.001: sourcing nvim_exec2() called at /Users/omar/src/github.com/jedi-knights/yoda.nvim/init.lua:0
015.550  000.014  000.014: sourcing /Applications/Ghostty.app/Contents/Resources/ghostty/../nvim/site/ftdetect/ghostty.vim
015.564  000.266  000.253: sourcing nvim_exec2() called at /opt/homebrew/Cellar/neovim/0.11.4/share/nvim/runtime/filetype.lua:0
015.566  000.351  000.085: sourcing /opt/homebrew/Cellar/neovim/0.11.4/share/nvim/runtime/filetype.lua
015.567  000.415  000.064: sourcing nvim_exec2() called at /Users/omar/src/github.com/jedi-knights/yoda.nvim/init.lua:0
016.217  000.378  000.378: require('snacks')
016.218  000.416  000.038: sourcing /Users/omar/.local/share/nvim/lazy/snacks.nvim/plugin/snacks.lua
016.220  000.452  000.037: sourcing nvim_exec2() called at /Users/omar/src/github.com/jedi-knights/yoda.nvim/init.lua:0
016.237  000.001  000.001: sourcing nvim_exec2() called at /Users/omar/src/github.com/jedi-knights/yoda.nvim/init.lua:0
016.243  000.001  000.001: sourcing nvim_exec2() called at /Users/omar/src/github.com/jedi-knights/yoda.nvim/init.lua:0
016.322  000.001  000.001: sourcing nvim_exec2() called at /Users/omar/src/github.com/jedi-knights/yoda.nvim/init.lua:0
016.326  000.001  000.001: sourcing nvim_exec2() called at /Users/omar/src/github.com/jedi-knights/yoda.nvim/init.lua:0
016.572  000.037  000.037: sourcing /Users/omar/.local/share/nvim/lazy/pytest-atlas.nvim/plugin/pytest-atlas.lua
016.574  000.069  000.032: sourcing nvim_exec2() called at /Users/omar/src/github.com/jedi-knights/yoda.nvim/init.lua:0
016.577  000.001  000.001: sourcing nvim_exec2() called at /Users/omar/src/github.com/jedi-knights/yoda.nvim/init.lua:0
016.581  000.001  000.001: sourcing nvim_exec2() called at /Users/omar/src/github.com/jedi-knights/yoda.nvim/init.lua:0
017.045  000.072  000.072: require('pytest-atlas.utils.config')
017.113  000.066  000.066: require('pytest-atlas.utils.venv')
017.178  000.065  000.065: require('pytest-atlas.utils.terminal')
017.180  000.318  000.114: require('pytest-atlas.picker')
017.250  000.069  000.069: require('pytest-atlas.runner')
017.251  000.669  000.282: require('pytest-atlas')
017.487  000.036  000.036: sourcing /opt/homebrew/Cellar/neovim/0.11.4/share/nvim/runtime/plugin/editorconfig.lua
017.490  000.074  000.037: sourcing nvim_exec2() called at /Users/omar/src/github.com/jedi-knights/yoda.nvim/init.lua:0
017.561  000.035  000.035: sourcing /opt/homebrew/Cellar/neovim/0.11.4/share/nvim/runtime/plugin/man.lua
017.563  000.071  000.035: sourcing nvim_exec2() called at /Users/omar/src/github.com/jedi-knights/yoda.nvim/init.lua:0
017.634  000.036  000.036: sourcing /opt/homebrew/Cellar/neovim/0.11.4/share/nvim/runtime/plugin/osc52.lua
017.636  000.071  000.035: sourcing nvim_exec2() called at /Users/omar/src/github.com/jedi-knights/yoda.nvim/init.lua:0
017.774  000.103  000.103: sourcing /opt/homebrew/Cellar/neovim/0.11.4/share/nvim/runtime/plugin/rplugin.vim
017.776  000.138  000.035: sourcing nvim_exec2() called at /Users/omar/src/github.com/jedi-knights/yoda.nvim/init.lua:0
017.847  000.035  000.035: sourcing /opt/homebrew/Cellar/neovim/0.11.4/share/nvim/runtime/plugin/shada.vim
017.848  000.070  000.034: sourcing nvim_exec2() called at /Users/omar/src/github.com/jedi-knights/yoda.nvim/init.lua:0
017.956  000.006  000.006: sourcing /opt/homebrew/Cellar/neovim/0.11.4/share/nvim/runtime/plugin/spellfile.vim
017.958  000.046  000.039: sourcing nvim_exec2() called at /Users/omar/src/github.com/jedi-knights/yoda.nvim/init.lua:0
018.011  012.158  006.812: require('lazy-plugins')
018.115  000.103  000.103: require('yoda.colorscheme')
018.117  013.258  000.121: sourcing /Users/omar/.config/nvim/init.lua
018.126  000.589: sourcing vimrc file(s)
018.214  000.027  000.027: sourcing /opt/homebrew/Cellar/neovim/0.11.4/share/nvim/runtime/filetype.lua
018.388  000.053  000.053: sourcing /opt/homebrew/Cellar/neovim/0.11.4/share/nvim/runtime/syntax/synload.vim
018.437  000.170  000.117: sourcing /opt/homebrew/Cellar/neovim/0.11.4/share/nvim/runtime/syntax/syntax.vim
018.445  000.123: inits 3
019.180  000.735: reading ShaDa
1997944.909  1997925.729: --- NVIM STARTED ---

